[debug] [2018-10-03T08:49:32.144Z] ----------------------------------------------------------------------
[debug] [2018-10-03T08:49:32.148Z] Command:       /home/dell/.nvm/versions/node/v8.11.2/bin/node /home/dell/.nvm/versions/node/v8.11.2/bin/firebase serve --only functions,hosting
[debug] [2018-10-03T08:49:32.149Z] CLI Version:   4.2.1
[debug] [2018-10-03T08:49:32.149Z] Platform:      linux
[debug] [2018-10-03T08:49:32.149Z] Node Version:  v8.11.2
[debug] [2018-10-03T08:49:32.149Z] Time:          Wed Oct 03 2018 14:19:32 GMT+0530 (IST)
[debug] [2018-10-03T08:49:32.149Z] ----------------------------------------------------------------------
[debug] 
[debug] [2018-10-03T08:49:32.304Z] > command requires scopes: ["email","openid","https://www.googleapis.com/auth/cloudplatformprojects.readonly","https://www.googleapis.com/auth/firebase","https://www.googleapis.com/auth/cloud-platform"]
[debug] [2018-10-03T08:49:32.305Z] > authorizing via signed-in user
[debug] [2018-10-03T08:49:32.308Z] >>> HTTP REQUEST GET https://admin.firebase.com/v1/projects/angular-firebase-storage-b50a7  
 
[debug] [2018-10-03T08:49:33.887Z] <<< HTTP RESPONSE 200
[debug] [2018-10-03T08:49:33.889Z] >>> HTTP REQUEST GET https://cloudresourcemanager.googleapis.com/v1/projects/angular-firebase-storage-b50a7  
 
[debug] [2018-10-03T08:49:35.937Z] <<< HTTP RESPONSE 200
[info] 
[info] === Serving from '/home/dell/projectDevelopment/webDev/WebSSP/node-app-firebase-backened'...
[info] 
[info] i  functions: Preparing to emulate functions.
[debug] [2018-10-03T08:49:48.590Z] Fetching environment
[debug] [2018-10-03T08:49:48.592Z] >>> HTTP REQUEST GET https://mobilesdk-pa.googleapis.com/v1/projects/447656612162:getServerAppConfig  
 
[debug] [2018-10-03T08:49:48.593Z] >>> HTTP REQUEST GET https://mobilesdk-pa.googleapis.com/v1/projects/447656612162/clients/_:getWebAppConfig  
 
[debug] [2018-10-03T08:49:49.033Z] <<< HTTP RESPONSE 200
[debug] [2018-10-03T08:49:49.033Z] Starting @google-cloud/functions-emulator
[debug] [2018-10-03T08:49:49.152Z] <<< HTTP RESPONSE 200
[info] i  hosting[angular-firebase-storage-b50a7]: Serving hosting files from: public
[info] ✔  hosting[angular-firebase-storage-b50a7]: Local server: http://localhost:5000
[warn] ⚠  functions: Error from emulator. Error: Timeout waiting for emulator start
[debug] [2018-10-03T08:50:08.669Z] Error: Timeout waiting for emulator start
    at client.testConnection.catch (/home/dell/.nvm/versions/node/v8.11.2/lib/node_modules/firebase-tools/node_modules/@google-cloud/functions-emulator/src/cli/controller.js:219:17)
    at <anonymous>
    at process._tickDomainCallback (internal/process/next_tick.js:228:7)
[info] [hosting] Rewriting /timestamp to local function app
[info] [hosting] Rewriting /timestamp to local function app
[info] [hosting] Rewriting /timestamp to local function app
[info] [hosting] Rewriting /timestamp to local function app
